13:57:19 INFO  : Invoking Bootgen: bootgen -image output.bif -o i C:\Users\andrew\workspace\ocm_memtest\BOOT.bin
13:57:19 INFO  : Creating new bif file C:\Users\andrew\workspace\ocm_memtest\output.bif
13:57:20 INFO  : Bootgen command execution is done.
13:57:38 INFO  : Invoking Bootgen: bootgen -image output.bif -o i C:\Users\andrew\workspace\ocm_memtest\BOOT.bin
13:57:38 INFO  : Overwriting existing bif file C:\Users\andrew\workspace\ocm_memtest\output.bif
13:57:39 INFO  : Bootgen command execution is done.
15:46:04 INFO  : Invoking Bootgen: bootgen -image output.bif -o i C:\Users\andrew\workspace\ocm_memtest\BOOT.bin -w on
15:46:04 INFO  : Overwriting existing bif file C:\Users\andrew\workspace\ocm_memtest\output.bif
15:46:04 INFO  : Bootgen command execution is done.
15:54:55 INFO  : Refreshed build settings on project memtester
15:56:02 ERROR :  [Hsm 55-1417] Application zynq_fsbl is not supported for the Sw Design
15:56:02 ERROR : Failed to create Application
15:56:02 ERROR : 
java.lang.Exception: Error occurred while generating contents for application. Please check the SDK Log view for further details.
	at com.xilinx.sdk.appwiz.core.StandaloneProjectHandler.createCoreApp(StandaloneProjectHandler.java:83)
	at com.xilinx.sdk.appwiz.core.AppCreationHandler.createApplication(AppCreationHandler.java:117)
	at com.xilinx.sdk.appwiz.core.AppCreationHandler$1.run(AppCreationHandler.java:61)
	at org.eclipse.core.internal.resources.Workspace.run(Workspace.java:2344)
	at org.eclipse.core.internal.resources.Workspace.run(Workspace.java:2326)
	at com.xilinx.sdk.appwiz.core.AppCreationHandler.execute(AppCreationHandler.java:57)
	at com.xilinx.sdk.appwiz.ApplicationWizard.createNewProject(ApplicationWizard.java:120)
	at org.eclipse.cdt.ui.wizards.NewCProjectWizard.doRun(NewCProjectWizard.java:293)
	at org.eclipse.cdt.ui.wizards.NewCProjectWizard$1$1$1.run(NewCProjectWizard.java:235)
	at org.eclipse.ui.actions.WorkspaceModifyDelegatingOperation.execute(WorkspaceModifyDelegatingOperation.java:69)
	at org.eclipse.ui.actions.WorkspaceModifyOperation$1.run(WorkspaceModifyOperation.java:106)
	at org.eclipse.core.internal.resources.Workspace.run(Workspace.java:2344)
	at org.eclipse.ui.actions.WorkspaceModifyOperation.run(WorkspaceModifyOperation.java:118)
	at org.eclipse.jface.operation.ModalContext.runInCurrentThread(ModalContext.java:464)
	at org.eclipse.jface.operation.ModalContext.run(ModalContext.java:372)
	at org.eclipse.jface.wizard.WizardDialog.run(WizardDialog.java:1028)
	at org.eclipse.cdt.ui.wizards.NewCProjectWizard$1$1.run(NewCProjectWizard.java:245)
	at org.eclipse.ui.internal.UILockListener.doPendingWork(UILockListener.java:164)
	at org.eclipse.ui.internal.UISynchronizer$3.run(UISynchronizer.java:158)
	at org.eclipse.swt.widgets.RunnableLock.run(RunnableLock.java:35)
	at org.eclipse.swt.widgets.Synchronizer.runAsyncMessages(Synchronizer.java:135)
	at org.eclipse.swt.widgets.Display.runAsyncMessages(Display.java:4144)
	at org.eclipse.swt.widgets.Display.readAndDispatch(Display.java:3761)
	at org.eclipse.jface.operation.ModalContext$ModalContextThread.block(ModalContext.java:173)
	at org.eclipse.jface.operation.ModalContext.run(ModalContext.java:388)
	at org.eclipse.jface.wizard.WizardDialog.run(WizardDialog.java:1028)
	at org.eclipse.cdt.ui.wizards.NewCProjectWizard.invokeRunnable(NewCProjectWizard.java:272)
	at org.eclipse.cdt.ui.wizards.NewCProjectWizard.performFinish(NewCProjectWizard.java:162)
	at org.eclipse.jface.wizard.WizardDialog.finishPressed(WizardDialog.java:827)
	at org.eclipse.jface.wizard.WizardDialog.buttonPressed(WizardDialog.java:432)
	at org.eclipse.jface.dialogs.Dialog$2.widgetSelected(Dialog.java:624)
	at org.eclipse.swt.widgets.TypedListener.handleEvent(TypedListener.java:248)
	at org.eclipse.swt.widgets.EventTable.sendEvent(EventTable.java:84)
	at org.eclipse.swt.widgets.Widget.sendEvent(Widget.java:1053)
	at org.eclipse.swt.widgets.Display.runDeferredEvents(Display.java:4169)
	at org.eclipse.swt.widgets.Display.readAndDispatch(Display.java:3758)
	at org.eclipse.jface.window.Window.runEventLoop(Window.java:825)
	at org.eclipse.jface.window.Window.open(Window.java:801)
	at org.eclipse.ui.internal.actions.NewWizardShortcutAction.run(NewWizardShortcutAction.java:135)
	at org.eclipse.jface.action.Action.runWithEvent(Action.java:498)
	at org.eclipse.jface.action.ActionContributionItem.handleWidgetSelection(ActionContributionItem.java:584)
	at org.eclipse.jface.action.ActionContributionItem.access$2(ActionContributionItem.java:501)
	at org.eclipse.jface.action.ActionContributionItem$5.handleEvent(ActionContributionItem.java:411)
	at org.eclipse.swt.widgets.EventTable.sendEvent(EventTable.java:84)
	at org.eclipse.swt.widgets.Widget.sendEvent(Widget.java:1053)
	at org.eclipse.swt.widgets.Display.runDeferredEvents(Display.java:4169)
	at org.eclipse.swt.widgets.Display.readAndDispatch(Display.java:3758)
	at org.eclipse.ui.internal.Workbench.runEventLoop(Workbench.java:2701)
	at org.eclipse.ui.internal.Workbench.runUI(Workbench.java:2665)
	at org.eclipse.ui.internal.Workbench.access$4(Workbench.java:2499)
	at org.eclipse.ui.internal.Workbench$7.run(Workbench.java:679)
	at org.eclipse.core.databinding.observable.Realm.runWithDefault(Realm.java:332)
	at org.eclipse.ui.internal.Workbench.createAndRunWorkbench(Workbench.java:668)
	at org.eclipse.ui.PlatformUI.createAndRunWorkbench(PlatformUI.java:149)
	at org.eclipse.ui.internal.ide.application.IDEApplication.start(IDEApplication.java:124)
	at org.eclipse.equinox.internal.app.EclipseAppHandle.run(EclipseAppHandle.java:196)
	at org.eclipse.core.runtime.internal.adaptor.EclipseAppLauncher.runApplication(EclipseAppLauncher.java:110)
	at org.eclipse.core.runtime.internal.adaptor.EclipseAppLauncher.start(EclipseAppLauncher.java:79)
	at org.eclipse.core.runtime.adaptor.EclipseStarter.run(EclipseStarter.java:353)
	at org.eclipse.core.runtime.adaptor.EclipseStarter.run(EclipseStarter.java:180)
	at sun.reflect.NativeMethodAccessorImpl.invoke0(Native Method)
	at sun.reflect.NativeMethodAccessorImpl.invoke(NativeMethodAccessorImpl.java:57)
	at sun.reflect.DelegatingMethodAccessorImpl.invoke(DelegatingMethodAccessorImpl.java:43)
	at java.lang.reflect.Method.invoke(Method.java:606)
	at org.eclipse.equinox.launcher.Main.invokeFramework(Main.java:629)
	at org.eclipse.equinox.launcher.Main.basicRun(Main.java:584)
	at org.eclipse.equinox.launcher.Main.run(Main.java:1438)
15:56:39 ERROR :  [Hsm 55-1417] Application zynq_fsbl is not supported for the Sw Design
15:56:39 ERROR : Failed to create Application
15:56:39 ERROR : 
java.lang.Exception: Error occurred while generating contents for application. Please check the SDK Log view for further details.
	at com.xilinx.sdk.appwiz.core.StandaloneProjectHandler.createCoreApp(StandaloneProjectHandler.java:83)
	at com.xilinx.sdk.appwiz.core.AppCreationHandler.createApplication(AppCreationHandler.java:117)
	at com.xilinx.sdk.appwiz.core.AppCreationHandler$1.run(AppCreationHandler.java:61)
	at org.eclipse.core.internal.resources.Workspace.run(Workspace.java:2344)
	at org.eclipse.core.internal.resources.Workspace.run(Workspace.java:2326)
	at com.xilinx.sdk.appwiz.core.AppCreationHandler.execute(AppCreationHandler.java:57)
	at com.xilinx.sdk.appwiz.ApplicationWizard.createNewProject(ApplicationWizard.java:120)
	at org.eclipse.cdt.ui.wizards.NewCProjectWizard.doRun(NewCProjectWizard.java:293)
	at org.eclipse.cdt.ui.wizards.NewCProjectWizard$1$1$1.run(NewCProjectWizard.java:235)
	at org.eclipse.ui.actions.WorkspaceModifyDelegatingOperation.execute(WorkspaceModifyDelegatingOperation.java:69)
	at org.eclipse.ui.actions.WorkspaceModifyOperation$1.run(WorkspaceModifyOperation.java:106)
	at org.eclipse.core.internal.resources.Workspace.run(Workspace.java:2344)
	at org.eclipse.ui.actions.WorkspaceModifyOperation.run(WorkspaceModifyOperation.java:118)
	at org.eclipse.jface.operation.ModalContext.runInCurrentThread(ModalContext.java:464)
	at org.eclipse.jface.operation.ModalContext.run(ModalContext.java:372)
	at org.eclipse.jface.wizard.WizardDialog.run(WizardDialog.java:1028)
	at org.eclipse.cdt.ui.wizards.NewCProjectWizard$1$1.run(NewCProjectWizard.java:245)
	at org.eclipse.ui.internal.UILockListener.doPendingWork(UILockListener.java:164)
	at org.eclipse.ui.internal.UISynchronizer$3.run(UISynchronizer.java:158)
	at org.eclipse.swt.widgets.RunnableLock.run(RunnableLock.java:35)
	at org.eclipse.swt.widgets.Synchronizer.runAsyncMessages(Synchronizer.java:135)
	at org.eclipse.swt.widgets.Display.runAsyncMessages(Display.java:4144)
	at org.eclipse.swt.widgets.Display.readAndDispatch(Display.java:3761)
	at org.eclipse.jface.operation.ModalContext$ModalContextThread.block(ModalContext.java:173)
	at org.eclipse.jface.operation.ModalContext.run(ModalContext.java:388)
	at org.eclipse.jface.wizard.WizardDialog.run(WizardDialog.java:1028)
	at org.eclipse.cdt.ui.wizards.NewCProjectWizard.invokeRunnable(NewCProjectWizard.java:272)
	at org.eclipse.cdt.ui.wizards.NewCProjectWizard.performFinish(NewCProjectWizard.java:162)
	at org.eclipse.jface.wizard.WizardDialog.finishPressed(WizardDialog.java:827)
	at org.eclipse.jface.wizard.WizardDialog.buttonPressed(WizardDialog.java:432)
	at org.eclipse.jface.dialogs.Dialog$2.widgetSelected(Dialog.java:624)
	at org.eclipse.swt.widgets.TypedListener.handleEvent(TypedListener.java:248)
	at org.eclipse.swt.widgets.EventTable.sendEvent(EventTable.java:84)
	at org.eclipse.swt.widgets.Widget.sendEvent(Widget.java:1053)
	at org.eclipse.swt.widgets.Display.runDeferredEvents(Display.java:4169)
	at org.eclipse.swt.widgets.Display.readAndDispatch(Display.java:3758)
	at org.eclipse.jface.window.Window.runEventLoop(Window.java:825)
	at org.eclipse.jface.window.Window.open(Window.java:801)
	at org.eclipse.ui.internal.actions.NewWizardShortcutAction.run(NewWizardShortcutAction.java:135)
	at org.eclipse.jface.action.Action.runWithEvent(Action.java:498)
	at org.eclipse.jface.action.ActionContributionItem.handleWidgetSelection(ActionContributionItem.java:584)
	at org.eclipse.jface.action.ActionContributionItem.access$2(ActionContributionItem.java:501)
	at org.eclipse.jface.action.ActionContributionItem$5.handleEvent(ActionContributionItem.java:411)
	at org.eclipse.swt.widgets.EventTable.sendEvent(EventTable.java:84)
	at org.eclipse.swt.widgets.Widget.sendEvent(Widget.java:1053)
	at org.eclipse.swt.widgets.Display.runDeferredEvents(Display.java:4169)
	at org.eclipse.swt.widgets.Display.readAndDispatch(Display.java:3758)
	at org.eclipse.ui.internal.Workbench.runEventLoop(Workbench.java:2701)
	at org.eclipse.ui.internal.Workbench.runUI(Workbench.java:2665)
	at org.eclipse.ui.internal.Workbench.access$4(Workbench.java:2499)
	at org.eclipse.ui.internal.Workbench$7.run(Workbench.java:679)
	at org.eclipse.core.databinding.observable.Realm.runWithDefault(Realm.java:332)
	at org.eclipse.ui.internal.Workbench.createAndRunWorkbench(Workbench.java:668)
	at org.eclipse.ui.PlatformUI.createAndRunWorkbench(PlatformUI.java:149)
	at org.eclipse.ui.internal.ide.application.IDEApplication.start(IDEApplication.java:124)
	at org.eclipse.equinox.internal.app.EclipseAppHandle.run(EclipseAppHandle.java:196)
	at org.eclipse.core.runtime.internal.adaptor.EclipseAppLauncher.runApplication(EclipseAppLauncher.java:110)
	at org.eclipse.core.runtime.internal.adaptor.EclipseAppLauncher.start(EclipseAppLauncher.java:79)
	at org.eclipse.core.runtime.adaptor.EclipseStarter.run(EclipseStarter.java:353)
	at org.eclipse.core.runtime.adaptor.EclipseStarter.run(EclipseStarter.java:180)
	at sun.reflect.NativeMethodAccessorImpl.invoke0(Native Method)
	at sun.reflect.NativeMethodAccessorImpl.invoke(NativeMethodAccessorImpl.java:57)
	at sun.reflect.DelegatingMethodAccessorImpl.invoke(DelegatingMethodAccessorImpl.java:43)
	at java.lang.reflect.Method.invoke(Method.java:606)
	at org.eclipse.equinox.launcher.Main.invokeFramework(Main.java:629)
	at org.eclipse.equinox.launcher.Main.basicRun(Main.java:584)
	at org.eclipse.equinox.launcher.Main.run(Main.java:1438)
16:18:07 INFO  : Invoking Bootgen: bootgen -image output.bif -o i C:\Users\andrew\workspace\ocm_memtest\BOOT.bin -w on
16:18:07 INFO  : Overwriting existing bif file C:\Users\andrew\workspace\ocm_memtest\output.bif
16:18:07 INFO  : Bootgen command execution is done.
16:21:02 INFO  : Invoking Bootgen: bootgen -image output.bif -o i C:\Users\andrew\workspace\ocm_memtest\BOOT.bin -w on
16:21:03 INFO  : Bootgen command execution is done.
16:26:46 ERROR :  [Hsm 55-1459] HSM file C:\Users\andrew\workspace\ocm_memtest\hw_platform_0\system.xml doesn't exist
16:28:01 WARN  :  [Hsm 55-1484] MSS file doesn't have NAME. So assuming NAME as system
16:28:05 INFO  : BSP Project P/standalone_bsp_0 has been successfully migrated.
16:37:50 WARN  :  [Hsm 55-1484] MSS file doesn't have NAME. So assuming NAME as system
16:38:29 WARN  :  [Hsm 55-1484] MSS file doesn't have NAME. So assuming NAME as system
16:38:59 WARN  :  [Hsm 55-1484] MSS file doesn't have NAME. So assuming NAME as system
16:40:34 INFO  : Invoking Bootgen: bootgen -image output.bif -o i C:\Users\andrew\workspace\ocm_memtest\BOOT.bin -w on
16:40:34 INFO  : Overwriting existing bif file C:\Users\andrew\workspace\ocm_memtest\output.bif
16:40:35 INFO  : Bootgen command execution is done.
16:49:58 WARN  :  [Hsm 55-1484] MSS file doesn't have NAME. So assuming NAME as system
16:50:00 WARN  :  [Hsm 55-1484] MSS file doesn't have NAME. So assuming NAME as system
16:50:10 INFO  : Refreshed build settings on project memtester
17:10:05 ERROR : Unexpected error while parsing XMD response ?: com.google.gson.JsonSyntaxException: com.google.gson.stream.MalformedJsonException: invalid number or unquoted string near 
17:17:36 ERROR : Unexpected error while parsing XMD response ?: com.google.gson.JsonSyntaxException: com.google.gson.stream.MalformedJsonException: invalid number or unquoted string near 
17:39:55 INFO  : Refreshed build settings on project memtester
17:47:55 INFO  : ps7_init is completed.
17:47:55 INFO  : ps7_post_config is completed.
17:47:55 INFO  : Processor reset is completed for ps7_cortexa9_0
17:55:41 INFO  : Invoking Bootgen: bootgen -image output.bif -o i C:\Users\andrew\workspace\ocm_memtest\BOOT.bin -w on
17:55:41 INFO  : Overwriting existing bif file C:\Users\andrew\workspace\ocm_memtest\output.bif
17:55:41 INFO  : Bootgen command execution is done.
18:12:53 INFO  : Invoking Bootgen: bootgen -image output.bif -o i C:\Users\andrew\workspace\ocm_memtest\BOOT.bin -w on
18:12:54 INFO  : Bootgen command execution is done.
01:18:33 ERROR : Unexpected error while parsing XMD response ?: com.google.gson.JsonSyntaxException: com.google.gson.stream.MalformedJsonException: invalid number or unquoted string near 
15:52:05 ERROR : Checking FPGA configuration failed..Connection to Board Failed


    Unknown Error Occured
    Cable is not connected to the host

15:52:05 ERROR : Unexpected error while launching program.
com.xilinx.sdk.targetmanager.TMException: Connection to Board Failed


    Unknown Error Occured
    Cable is not connected to the host

	at com.xilinx.sdk.targetmanager.internal.TM.isFPGAConfigured(TM.java:386)
	at com.xilinx.sdk.debug.core.XilinxAppLaunchConfigurationDelegate.isFpgaConfigured(XilinxAppLaunchConfigurationDelegate.java:297)
	at com.xilinx.sdk.debug.core.XilinxAppLaunchConfigurationDelegate.launch(XilinxAppLaunchConfigurationDelegate.java:245)
	at com.xilinx.sdk.debug.ui.XilinxAppLaunchDelegateWrapper.launch(XilinxAppLaunchDelegateWrapper.java:31)
	at org.eclipse.debug.internal.core.LaunchConfiguration.launch(LaunchConfiguration.java:855)
	at org.eclipse.debug.internal.core.LaunchConfiguration.launch(LaunchConfiguration.java:704)
	at org.eclipse.debug.internal.ui.DebugUIPlugin.buildAndLaunch(DebugUIPlugin.java:1047)
	at org.eclipse.debug.internal.ui.DebugUIPlugin$8.run(DebugUIPlugin.java:1251)
	at org.eclipse.core.internal.jobs.Worker.run(Worker.java:54)
15:52:48 INFO  : ps7_init is completed.
15:52:48 INFO  : ps7_post_config is completed.
15:52:49 INFO  : Processor reset is completed for ps7_cortexa9_0
15:53:52 INFO  : ps7_init is completed.
15:53:52 INFO  : ps7_post_config is completed.
15:53:53 INFO  : Processor reset is completed for ps7_cortexa9_0
15:56:11 ERROR : Unexpected error while parsing XMD response ?: com.google.gson.JsonSyntaxException: com.google.gson.stream.MalformedJsonException: invalid number or unquoted string near 
15:57:10 ERROR : Unexpected error while launching program.
java.lang.NullPointerException
	at com.xilinx.sdk.debug.core.XilinxAppLaunchConfigurationDelegate.isFpgaConfigured(XilinxAppLaunchConfigurationDelegate.java:294)
	at com.xilinx.sdk.debug.core.XilinxAppLaunchConfigurationDelegate.launch(XilinxAppLaunchConfigurationDelegate.java:245)
	at com.xilinx.sdk.debug.ui.XilinxAppLaunchDelegateWrapper.launch(XilinxAppLaunchDelegateWrapper.java:31)
	at org.eclipse.debug.internal.core.LaunchConfiguration.launch(LaunchConfiguration.java:855)
	at org.eclipse.debug.internal.core.LaunchConfiguration.launch(LaunchConfiguration.java:704)
	at org.eclipse.debug.internal.ui.DebugUIPlugin.buildAndLaunch(DebugUIPlugin.java:1047)
	at org.eclipse.debug.internal.ui.DebugUIPlugin$8.run(DebugUIPlugin.java:1251)
	at org.eclipse.core.internal.jobs.Worker.run(Worker.java:54)
15:57:24 ERROR : Checking FPGA configuration failed..Connection to Board Failed


    Unknown Error Occured
    Cable is not connected to the host

15:57:24 ERROR : Unexpected error while launching program.
com.xilinx.sdk.targetmanager.TMException: Connection to Board Failed


    Unknown Error Occured
    Cable is not connected to the host

	at com.xilinx.sdk.targetmanager.internal.TM.isFPGAConfigured(TM.java:386)
	at com.xilinx.sdk.debug.core.XilinxAppLaunchConfigurationDelegate.isFpgaConfigured(XilinxAppLaunchConfigurationDelegate.java:297)
	at com.xilinx.sdk.debug.core.XilinxAppLaunchConfigurationDelegate.launch(XilinxAppLaunchConfigurationDelegate.java:245)
	at com.xilinx.sdk.debug.ui.XilinxAppLaunchDelegateWrapper.launch(XilinxAppLaunchDelegateWrapper.java:31)
	at org.eclipse.debug.internal.core.LaunchConfiguration.launch(LaunchConfiguration.java:855)
	at org.eclipse.debug.internal.core.LaunchConfiguration.launch(LaunchConfiguration.java:704)
	at org.eclipse.debug.internal.ui.DebugUIPlugin.buildAndLaunch(DebugUIPlugin.java:1047)
	at org.eclipse.debug.internal.ui.DebugUIPlugin$8.run(DebugUIPlugin.java:1251)
	at org.eclipse.core.internal.jobs.Worker.run(Worker.java:54)
15:58:36 INFO  : ps7_init is completed.
15:58:36 INFO  : ps7_post_config is completed.
15:58:36 INFO  : Processor reset is completed for ps7_cortexa9_0
16:03:15 INFO  : ps7_init is completed.
16:03:15 INFO  : ps7_post_config is completed.
16:03:15 INFO  : Processor reset is completed for ps7_cortexa9_0
16:03:15 ERROR : Unexpected error while opening JTAG UART: 
java.lang.RuntimeException: Error while opening JTAG UART server: MDM Uart NOT Present in the System
Could not detect MDM peripheral on hardware. Please check:
    1. If FPGA is configured correctly
    2. MDM Core is instantiated in the design
    3. If the correct FPGA is referred, in case of multiple FPGAs
    4. If the correct MDM is referred, in case of a multiple MDM system
    

	at com.xilinx.sdk.targetmanager.internal.TM.startJTAGUARTServer(TM.java:1027)
	at com.xilinx.sdk.debug.core.internal.comm.JTAGUARTStreamsProxy.<init>(JTAGUARTStreamsProxy.java:32)
	at com.xilinx.sdk.debug.core.internal.RemoteProcess.createStreamsProxy(RemoteProcess.java:164)
	at com.xilinx.sdk.debug.core.internal.RemoteProcess.<init>(RemoteProcess.java:65)
	at com.xilinx.sdk.debug.core.internal.AppRunner.run(AppRunner.java:91)
	at com.xilinx.sdk.debug.core.XilinxAppLaunchConfigurationDelegate.runApplication(XilinxAppLaunchConfigurationDelegate.java:534)
	at com.xilinx.sdk.debug.core.XilinxAppLaunchConfigurationDelegate.launch(XilinxAppLaunchConfigurationDelegate.java:252)
	at com.xilinx.sdk.debug.ui.XilinxAppLaunchDelegateWrapper.launch(XilinxAppLaunchDelegateWrapper.java:31)
	at org.eclipse.debug.internal.core.LaunchConfiguration.launch(LaunchConfiguration.java:855)
	at org.eclipse.debug.internal.core.LaunchConfiguration.launch(LaunchConfiguration.java:704)
	at org.eclipse.debug.internal.ui.DebugUIPlugin.buildAndLaunch(DebugUIPlugin.java:1047)
	at org.eclipse.debug.internal.ui.DebugUIPlugin$8.run(DebugUIPlugin.java:1251)
	at org.eclipse.core.internal.jobs.Worker.run(Worker.java:54)
16:06:04 INFO  : Processor reset is completed for ps7_cortexa9_0
16:37:33 ERROR : Checking FPGA configuration failed..Connection to Board Failed


    Unknown Error Occured
    Cable is not connected to the host

16:37:33 ERROR : Unexpected error while launching program.
com.xilinx.sdk.targetmanager.TMException: Connection to Board Failed


    Unknown Error Occured
    Cable is not connected to the host

	at com.xilinx.sdk.targetmanager.internal.TM.isFPGAConfigured(TM.java:386)
	at com.xilinx.sdk.debug.core.XilinxAppLaunchConfigurationDelegate.isFpgaConfigured(XilinxAppLaunchConfigurationDelegate.java:297)
	at com.xilinx.sdk.debug.core.XilinxAppLaunchConfigurationDelegate.launch(XilinxAppLaunchConfigurationDelegate.java:245)
	at com.xilinx.sdk.debug.ui.XilinxAppLaunchDelegateWrapper.launch(XilinxAppLaunchDelegateWrapper.java:31)
	at org.eclipse.debug.internal.core.LaunchConfiguration.launch(LaunchConfiguration.java:855)
	at org.eclipse.debug.internal.core.LaunchConfiguration.launch(LaunchConfiguration.java:704)
	at org.eclipse.debug.internal.ui.DebugUIPlugin.buildAndLaunch(DebugUIPlugin.java:1047)
	at org.eclipse.debug.internal.ui.DebugUIPlugin$8.run(DebugUIPlugin.java:1251)
	at org.eclipse.core.internal.jobs.Worker.run(Worker.java:54)
16:37:48 ERROR : Checking FPGA configuration failed..Connection to Board Failed


    Unknown Error Occured
    Cable is not connected to the host

16:37:48 ERROR : Unexpected error while launching program.
com.xilinx.sdk.targetmanager.TMException: Connection to Board Failed


    Unknown Error Occured
    Cable is not connected to the host

	at com.xilinx.sdk.targetmanager.internal.TM.isFPGAConfigured(TM.java:386)
	at com.xilinx.sdk.debug.core.XilinxAppLaunchConfigurationDelegate.isFpgaConfigured(XilinxAppLaunchConfigurationDelegate.java:297)
	at com.xilinx.sdk.debug.core.XilinxAppLaunchConfigurationDelegate.launch(XilinxAppLaunchConfigurationDelegate.java:245)
	at com.xilinx.sdk.debug.ui.XilinxAppLaunchDelegateWrapper.launch(XilinxAppLaunchDelegateWrapper.java:31)
	at org.eclipse.debug.internal.core.LaunchConfiguration.launch(LaunchConfiguration.java:855)
	at org.eclipse.debug.internal.core.LaunchConfiguration.launch(LaunchConfiguration.java:704)
	at org.eclipse.debug.internal.ui.DebugUIPlugin.buildAndLaunch(DebugUIPlugin.java:1047)
	at org.eclipse.debug.internal.ui.DebugUIPlugin$8.run(DebugUIPlugin.java:1251)
	at org.eclipse.core.internal.jobs.Worker.run(Worker.java:54)
16:38:24 ERROR : Checking FPGA configuration failed..Connection to Board Failed


    Unknown Error Occured
    Cable is not connected to the host

16:38:24 ERROR : Unexpected error while launching program.
com.xilinx.sdk.targetmanager.TMException: Connection to Board Failed


    Unknown Error Occured
    Cable is not connected to the host

	at com.xilinx.sdk.targetmanager.internal.TM.isFPGAConfigured(TM.java:386)
	at com.xilinx.sdk.debug.core.XilinxAppLaunchConfigurationDelegate.isFpgaConfigured(XilinxAppLaunchConfigurationDelegate.java:297)
	at com.xilinx.sdk.debug.core.XilinxAppLaunchConfigurationDelegate.launch(XilinxAppLaunchConfigurationDelegate.java:245)
	at com.xilinx.sdk.debug.ui.XilinxAppLaunchDelegateWrapper.launch(XilinxAppLaunchDelegateWrapper.java:31)
	at org.eclipse.debug.internal.core.LaunchConfiguration.launch(LaunchConfiguration.java:855)
	at org.eclipse.debug.internal.core.LaunchConfiguration.launch(LaunchConfiguration.java:704)
	at org.eclipse.debug.internal.ui.DebugUIPlugin.buildAndLaunch(DebugUIPlugin.java:1047)
	at org.eclipse.debug.internal.ui.DebugUIPlugin$8.run(DebugUIPlugin.java:1251)
	at org.eclipse.core.internal.jobs.Worker.run(Worker.java:54)
16:38:40 INFO  : ps7_init is completed.
16:38:40 INFO  : Processor reset is completed for ps7_cortexa9_0
14:31:01 ERROR : Unexpected error while parsing XMD response ?: com.google.gson.JsonSyntaxException: com.google.gson.stream.MalformedJsonException: invalid number or unquoted string near 
